[0427/022407.228:ERROR:process_info.cc(343)] VirtualQueryEx: Access is denied. (0x5)
[0427/022407.229:ERROR:process_info.cc(564)] ReadMemoryInfo failed
[0427/022407.229:ERROR:process_reader_win.cc(233)] ReadMemory at 0x55de7de4 of 12 bytes failed: Only part of a ReadProcessMemory or WriteProcessMemory request was completed. (0x12B)
[0427/022407.229:WARNING:process_snapshot_win.cc(68)] ReadMemory ExceptionInformation failed
[0427/022407.229:WARNING:crash_report_exception_handler.cc(60)] ProcessSnapshotWin::Initialize failed
[0427/022407.229:ERROR:scoped_process_suspend.cc(38)] NtResumeProcess: An attempt was made to access an exiting process.  (0xc000010a)
[0428/121644.019:ERROR:scoped_process_suspend.cc(30)] NtSuspendProcess: An attempt was made to access an exiting process.  (0xc000010a)
[0428/121644.028:ERROR:process_info.cc(116)] ReadProcessMemory bool __cdecl crashpad::`anonymous-namespace'::ReadStruct<struct crashpad::process_types::PEB<struct crashpad::process_types::internal::Traits32>>(void *,unsigned __int64,struct crashpad::process_types::PEB<struct crashpad::process_types::internal::Traits32> *): Only part of a ReadProcessMemory or WriteProcessMemory request was completed. (0x12B)
[0428/121644.029:ERROR:process_info.cc(559)] ReadProcessData failed
[0428/121644.029:ERROR:process_reader_win.cc(233)] ReadMemory at 0x52327de4 of 12 bytes failed: Only part of a ReadProcessMemory or WriteProcessMemory request was completed. (0x12B)
[0428/121644.029:WARNING:process_snapshot_win.cc(68)] ReadMemory ExceptionInformation failed
[0428/121644.029:WARNING:crash_report_exception_handler.cc(60)] ProcessSnapshotWin::Initialize failed
[0428/124050.359:ERROR:exception_snapshot_win.cc(87)] thread ID 2720 not found in process
[0428/124050.359:WARNING:crash_report_exception_handler.cc(60)] ProcessSnapshotWin::Initialize failed
[0501/202420.386:ERROR:scoped_process_suspend.cc(30)] NtSuspendProcess: An attempt was made to access an exiting process.  (0xc000010a)
[0501/202420.553:ERROR:process_info.cc(116)] ReadProcessMemory bool __cdecl crashpad::`anonymous-namespace'::ReadStruct<struct crashpad::process_types::PEB<struct crashpad::process_types::internal::Traits32>>(void *,unsigned __int64,struct crashpad::process_types::PEB<struct crashpad::process_types::internal::Traits32> *): Only part of a ReadProcessMemory or WriteProcessMemory request was completed. (0x12B)
[0501/202420.553:ERROR:process_info.cc(559)] ReadProcessData failed
[0501/202420.554:ERROR:process_reader_win.cc(233)] ReadMemory at 0x69377de4 of 12 bytes failed: Only part of a ReadProcessMemory or WriteProcessMemory request was completed. (0x12B)
[0501/202420.554:WARNING:process_snapshot_win.cc(68)] ReadMemory ExceptionInformation failed
[0501/202420.554:WARNING:crash_report_exception_handler.cc(60)] ProcessSnapshotWin::Initialize failed
[0504/135005.842:ERROR:exception_snapshot_win.cc(87)] thread ID 5888 not found in process
[0504/135005.854:WARNING:crash_report_exception_handler.cc(60)] ProcessSnapshotWin::Initialize failed
[0506/180609.314:ERROR:scoped_process_suspend.cc(30)] NtSuspendProcess: An attempt was made to access an exiting process.  (0xc000010a)
[0506/180609.361:ERROR:process_info.cc(116)] ReadProcessMemory bool __cdecl crashpad::`anonymous-namespace'::ReadStruct<struct crashpad::process_types::PEB<struct crashpad::process_types::internal::Traits32>>(void *,unsigned __int64,struct crashpad::process_types::PEB<struct crashpad::process_types::internal::Traits32> *): Only part of a ReadProcessMemory or WriteProcessMemory request was completed. (0x12B)
[0506/180609.361:ERROR:process_info.cc(559)] ReadProcessData failed
[0506/180609.366:ERROR:process_reader_win.cc(233)] ReadMemory at 0x74057dd4 of 12 bytes failed: Only part of a ReadProcessMemory or WriteProcessMemory request was completed. (0x12B)
[0506/180609.366:WARNING:process_snapshot_win.cc(68)] ReadMemory ExceptionInformation failed
[0506/180609.366:WARNING:crash_report_exception_handler.cc(60)] ProcessSnapshotWin::Initialize failed
[0508/233237.253:ERROR:scoped_process_suspend.cc(30)] NtSuspendProcess: An attempt was made to access an exiting process.  (0xc000010a)
[0508/233237.592:ERROR:process_info.cc(116)] ReadProcessMemory bool __cdecl crashpad::`anonymous-namespace'::ReadStruct<struct crashpad::process_types::PEB<struct crashpad::process_types::internal::Traits32>>(void *,unsigned __int64,struct crashpad::process_types::PEB<struct crashpad::process_types::internal::Traits32> *): Only part of a ReadProcessMemory or WriteProcessMemory request was completed. (0x12B)
[0508/233237.592:ERROR:process_info.cc(559)] ReadProcessData failed
[0508/233237.615:ERROR:process_reader_win.cc(233)] ReadMemory at 0x63ce7dd4 of 12 bytes failed: Only part of a ReadProcessMemory or WriteProcessMemory request was completed. (0x12B)
[0508/233237.615:WARNING:process_snapshot_win.cc(68)] ReadMemory ExceptionInformation failed
[0508/233237.615:WARNING:crash_report_exception_handler.cc(60)] ProcessSnapshotWin::Initialize failed
[0509/233036.808:ERROR:scoped_process_suspend.cc(30)] NtSuspendProcess: An attempt was made to access an exiting process.  (0xc000010a)
[0509/233036.919:ERROR:process_info.cc(116)] ReadProcessMemory bool __cdecl crashpad::`anonymous-namespace'::ReadStruct<struct crashpad::process_types::PEB<struct crashpad::process_types::internal::Traits32>>(void *,unsigned __int64,struct crashpad::process_types::PEB<struct crashpad::process_types::internal::Traits32> *): Only part of a ReadProcessMemory or WriteProcessMemory request was completed. (0x12B)
[0509/233036.919:ERROR:process_info.cc(559)] ReadProcessData failed
[0509/233036.924:ERROR:process_reader_win.cc(233)] ReadMemory at 0x65a77dd4 of 12 bytes failed: Only part of a ReadProcessMemory or WriteProcessMemory request was completed. (0x12B)
[0509/233036.924:WARNING:process_snapshot_win.cc(68)] ReadMemory ExceptionInformation failed
[0509/233036.924:WARNING:crash_report_exception_handler.cc(60)] ProcessSnapshotWin::Initialize failed
[0520/112347.335:ERROR:exception_snapshot_win.cc(87)] thread ID 5224 not found in process
[0520/112347.349:WARNING:crash_report_exception_handler.cc(60)] ProcessSnapshotWin::Initialize failed
[0520/210745.496:ERROR:scoped_process_suspend.cc(30)] NtSuspendProcess: An attempt was made to access an exiting process.  (0xc000010a)
[0520/210745.574:ERROR:process_info.cc(116)] ReadProcessMemory bool __cdecl crashpad::`anonymous-namespace'::ReadStruct<struct crashpad::process_types::PEB<struct crashpad::process_types::internal::Traits32>>(void *,unsigned __int64,struct crashpad::process_types::PEB<struct crashpad::process_types::internal::Traits32> *): Only part of a ReadProcessMemory or WriteProcessMemory request was completed. (0x12B)
[0520/210745.574:ERROR:process_info.cc(559)] ReadProcessData failed
[0520/210745.574:ERROR:process_reader_win.cc(233)] ReadMemory at 0x68d27dec of 12 bytes failed: Only part of a ReadProcessMemory or WriteProcessMemory request was completed. (0x12B)
[0520/210745.575:WARNING:process_snapshot_win.cc(68)] ReadMemory ExceptionInformation failed
[0520/210745.575:WARNING:crash_report_exception_handler.cc(60)] ProcessSnapshotWin::Initialize failed
[0521/233242.689:ERROR:scoped_process_suspend.cc(30)] NtSuspendProcess: An attempt was made to access an exiting process.  (0xc000010a)
[0521/233242.766:ERROR:process_info.cc(116)] ReadProcessMemory bool __cdecl crashpad::`anonymous-namespace'::ReadStruct<struct crashpad::process_types::PEB<struct crashpad::process_types::internal::Traits32>>(void *,unsigned __int64,struct crashpad::process_types::PEB<struct crashpad::process_types::internal::Traits32> *): Only part of a ReadProcessMemory or WriteProcessMemory request was completed. (0x12B)
[0521/233242.766:ERROR:process_info.cc(559)] ReadProcessData failed
[0521/233242.768:ERROR:process_reader_win.cc(233)] ReadMemory at 0x73ba7dec of 12 bytes failed: Only part of a ReadProcessMemory or WriteProcessMemory request was completed. (0x12B)
[0521/233242.769:WARNING:process_snapshot_win.cc(68)] ReadMemory ExceptionInformation failed
[0521/233242.769:WARNING:crash_report_exception_handler.cc(60)] ProcessSnapshotWin::Initialize failed
[0524/121809.539:ERROR:scoped_process_suspend.cc(30)] NtSuspendProcess: An attempt was made to access an exiting process.  (0xc000010a)
[0524/121809.627:ERROR:process_info.cc(116)] ReadProcessMemory bool __cdecl crashpad::`anonymous-namespace'::ReadStruct<struct crashpad::process_types::PEB<struct crashpad::process_types::internal::Traits32>>(void *,unsigned __int64,struct crashpad::process_types::PEB<struct crashpad::process_types::internal::Traits32> *): Only part of a ReadProcessMemory or WriteProcessMemory request was completed. (0x12B)
[0524/121809.627:ERROR:process_info.cc(559)] ReadProcessData failed
[0524/121809.628:ERROR:process_reader_win.cc(233)] ReadMemory at 0x61b37dec of 12 bytes failed: Only part of a ReadProcessMemory or WriteProcessMemory request was completed. (0x12B)
[0524/121809.628:WARNING:process_snapshot_win.cc(68)] ReadMemory ExceptionInformation failed
[0524/121809.628:WARNING:crash_report_exception_handler.cc(60)] ProcessSnapshotWin::Initialize failed
[0525/210457.710:ERROR:scoped_process_suspend.cc(30)] NtSuspendProcess: An attempt was made to access an exiting process.  (0xc000010a)
[0525/210457.797:ERROR:process_info.cc(116)] ReadProcessMemory bool __cdecl crashpad::`anonymous-namespace'::ReadStruct<struct crashpad::process_types::PEB<struct crashpad::process_types::internal::Traits32>>(void *,unsigned __int64,struct crashpad::process_types::PEB<struct crashpad::process_types::internal::Traits32> *): Only part of a ReadProcessMemory or WriteProcessMemory request was completed. (0x12B)
[0525/210457.797:ERROR:process_info.cc(559)] ReadProcessData failed
[0525/210457.797:ERROR:process_reader_win.cc(233)] ReadMemory at 0x62cf7dec of 12 bytes failed: Only part of a ReadProcessMemory or WriteProcessMemory request was completed. (0x12B)
[0525/210457.797:WARNING:process_snapshot_win.cc(68)] ReadMemory ExceptionInformation failed
[0525/210457.797:WARNING:crash_report_exception_handler.cc(60)] ProcessSnapshotWin::Initialize failed
[0526/175149.536:ERROR:scoped_process_suspend.cc(30)] NtSuspendProcess: An attempt was made to access an exiting process.  (0xc000010a)
[0526/175149.574:ERROR:process_info.cc(116)] ReadProcessMemory bool __cdecl crashpad::`anonymous-namespace'::ReadStruct<struct crashpad::process_types::PEB<struct crashpad::process_types::internal::Traits32>>(void *,unsigned __int64,struct crashpad::process_types::PEB<struct crashpad::process_types::internal::Traits32> *): Only part of a ReadProcessMemory or WriteProcessMemory request was completed. (0x12B)
[0526/175149.574:ERROR:process_info.cc(559)] ReadProcessData failed
[0526/175149.574:ERROR:process_reader_win.cc(233)] ReadMemory at 0x62307dec of 12 bytes failed: Only part of a ReadProcessMemory or WriteProcessMemory request was completed. (0x12B)
[0526/175149.574:WARNING:process_snapshot_win.cc(68)] ReadMemory ExceptionInformation failed
[0526/175149.574:WARNING:crash_report_exception_handler.cc(60)] ProcessSnapshotWin::Initialize failed
[0530/000654.590:ERROR:scoped_process_suspend.cc(30)] NtSuspendProcess: An attempt was made to access an exiting process.  (0xc000010a)
[0530/000654.964:ERROR:process_info.cc(116)] ReadProcessMemory bool __cdecl crashpad::`anonymous-namespace'::ReadStruct<struct crashpad::process_types::PEB<struct crashpad::process_types::internal::Traits32>>(void *,unsigned __int64,struct crashpad::process_types::PEB<struct crashpad::process_types::internal::Traits32> *): Only part of a ReadProcessMemory or WriteProcessMemory request was completed. (0x12B)
[0530/000654.964:ERROR:process_info.cc(559)] ReadProcessData failed
[0530/000654.969:ERROR:process_reader_win.cc(233)] ReadMemory at 0x5c817dec of 12 bytes failed: Only part of a ReadProcessMemory or WriteProcessMemory request was completed. (0x12B)
[0530/000654.969:WARNING:process_snapshot_win.cc(68)] ReadMemory ExceptionInformation failed
[0530/000654.969:WARNING:crash_report_exception_handler.cc(60)] ProcessSnapshotWin::Initialize failed
[0530/134639.248:ERROR:scoped_process_suspend.cc(30)] NtSuspendProcess: An attempt was made to access an exiting process.  (0xc000010a)
[0530/134639.357:ERROR:process_info.cc(116)] ReadProcessMemory bool __cdecl crashpad::`anonymous-namespace'::ReadStruct<struct crashpad::process_types::PEB<struct crashpad::process_types::internal::Traits32>>(void *,unsigned __int64,struct crashpad::process_types::PEB<struct crashpad::process_types::internal::Traits32> *): Only part of a ReadProcessMemory or WriteProcessMemory request was completed. (0x12B)
[0530/134639.358:ERROR:process_info.cc(559)] ReadProcessData failed
[0530/134639.358:ERROR:process_reader_win.cc(233)] ReadMemory at 0x5ed07dec of 12 bytes failed: Only part of a ReadProcessMemory or WriteProcessMemory request was completed. (0x12B)
[0530/134639.358:WARNING:process_snapshot_win.cc(68)] ReadMemory ExceptionInformation failed
[0530/134639.358:WARNING:crash_report_exception_handler.cc(60)] ProcessSnapshotWin::Initialize failed
[0530/140432.613:ERROR:exception_snapshot_win.cc(87)] thread ID 6060 not found in process
[0530/140432.613:WARNING:crash_report_exception_handler.cc(60)] ProcessSnapshotWin::Initialize failed
[0601/174111.242:ERROR:scoped_process_suspend.cc(30)] NtSuspendProcess: An attempt was made to access an exiting process.  (0xc000010a)
[0601/174111.343:ERROR:process_info.cc(116)] ReadProcessMemory bool __cdecl crashpad::`anonymous-namespace'::ReadStruct<struct crashpad::process_types::PEB<struct crashpad::process_types::internal::Traits32>>(void *,unsigned __int64,struct crashpad::process_types::PEB<struct crashpad::process_types::internal::Traits32> *): Only part of a ReadProcessMemory or WriteProcessMemory request was completed. (0x12B)
[0601/174111.343:ERROR:process_info.cc(559)] ReadProcessData failed
[0601/174111.343:ERROR:process_reader_win.cc(233)] ReadMemory at 0x5ccd7dec of 12 bytes failed: Only part of a ReadProcessMemory or WriteProcessMemory request was completed. (0x12B)
[0601/174111.343:WARNING:process_snapshot_win.cc(68)] ReadMemory ExceptionInformation failed
[0601/174111.344:WARNING:crash_report_exception_handler.cc(60)] ProcessSnapshotWin::Initialize failed
[0603/235423.147:ERROR:crash_report_database_win.cc(426)] unexpected header
[0603/235445.863:ERROR:crash_report_database_win.cc(426)] unexpected header
[0603/235501.392:ERROR:crash_report_database_win.cc(426)] unexpected header
[0603/235551.120:ERROR:crash_report_database_win.cc(426)] unexpected header
[0604/000244.606:ERROR:crash_report_database_win.cc(426)] unexpected header
[0604/000303.358:ERROR:crash_report_database_win.cc(426)] unexpected header
[0604/000637.222:ERROR:crash_report_database_win.cc(426)] unexpected header
[0604/001637.384:ERROR:crash_report_database_win.cc(426)] unexpected header
[0604/001637.384:ERROR:crash_report_database_win.cc(426)] unexpected header
[0604/002137.478:ERROR:crash_report_database_win.cc(426)] unexpected header
[0604/003637.479:ERROR:crash_report_database_win.cc(426)] unexpected header
[0604/005023.270:ERROR:crash_report_database_win.cc(426)] unexpected header
[0604/005137.479:ERROR:crash_report_database_win.cc(426)] unexpected header
[0604/010637.479:ERROR:crash_report_database_win.cc(426)] unexpected header
[0604/012140.567:ERROR:crash_report_database_win.cc(426)] unexpected header
[0604/013640.568:ERROR:crash_report_database_win.cc(426)] unexpected header
[0604/090254.495:ERROR:crash_report_database_win.cc(426)] unexpected header
[0604/090258.674:ERROR:crash_report_database_win.cc(426)] unexpected header
[0604/091258.675:ERROR:crash_report_database_win.cc(426)] unexpected header
[0604/091258.675:ERROR:crash_report_database_win.cc(426)] unexpected header
[0604/091758.675:ERROR:crash_report_database_win.cc(426)] unexpected header
[0604/092833.447:ERROR:crash_report_database_win.cc(426)] unexpected header
[0604/093258.683:ERROR:crash_report_database_win.cc(426)] unexpected header
[0604/093951.698:ERROR:crash_report_database_win.cc(426)] unexpected header
[0604/094758.716:ERROR:crash_report_database_win.cc(426)] unexpected header
[0604/100258.721:ERROR:crash_report_database_win.cc(426)] unexpected header
[0604/101758.757:ERROR:crash_report_database_win.cc(426)] unexpected header
[0604/103258.769:ERROR:crash_report_database_win.cc(426)] unexpected header
[0604/104758.791:ERROR:crash_report_database_win.cc(426)] unexpected header
[0604/105354.164:ERROR:crash_report_database_win.cc(426)] unexpected header
[0604/105401.737:ERROR:crash_report_database_win.cc(426)] unexpected header
[0604/105413.749:ERROR:crash_report_database_win.cc(426)] unexpected header
[0604/105414.701:ERROR:exit_code_watcher_win.cc(81)] Unable to write to registry, error 1018
[0604/105415.643:ERROR:crash_report_database_win.cc(426)] unexpected header
[0604/105417.135:ERROR:crash_report_database_win.cc(426)] unexpected header
[0604/105417.505:ERROR:crash_report_database_win.cc(426)] unexpected header
[0604/110413.763:ERROR:crash_report_database_win.cc(426)] unexpected header
[0604/110413.778:ERROR:crash_report_database_win.cc(426)] unexpected header
[0604/110913.771:ERROR:crash_report_database_win.cc(426)] unexpected header
[0604/111449.178:ERROR:crash_report_database_win.cc(426)] unexpected header
[0604/112413.785:ERROR:crash_report_database_win.cc(426)] unexpected header
[0604/113913.785:ERROR:crash_report_database_win.cc(426)] unexpected header
[0604/115413.848:ERROR:crash_report_database_win.cc(426)] unexpected header
[0604/120914.713:ERROR:crash_report_database_win.cc(426)] unexpected header
[0604/122415.057:ERROR:crash_report_database_win.cc(426)] unexpected header
[0604/123915.071:ERROR:crash_report_database_win.cc(426)] unexpected header
[0604/125415.072:ERROR:crash_report_database_win.cc(426)] unexpected header
[0604/130915.073:ERROR:crash_report_database_win.cc(426)] unexpected header
[0604/132415.074:ERROR:crash_report_database_win.cc(426)] unexpected header
[0604/133915.074:ERROR:crash_report_database_win.cc(426)] unexpected header
[0604/135415.076:ERROR:crash_report_database_win.cc(426)] unexpected header
[0604/140915.107:ERROR:crash_report_database_win.cc(426)] unexpected header
[0604/142415.107:ERROR:crash_report_database_win.cc(426)] unexpected header
[0604/143915.119:ERROR:crash_report_database_win.cc(426)] unexpected header
[0604/145415.120:ERROR:crash_report_database_win.cc(426)] unexpected header
[0604/150915.121:ERROR:crash_report_database_win.cc(426)] unexpected header
[0604/152415.121:ERROR:crash_report_database_win.cc(426)] unexpected header
[0604/153840.258:ERROR:crash_report_database_win.cc(426)] unexpected header
[0604/153915.122:ERROR:crash_report_database_win.cc(426)] unexpected header
[0604/155415.122:ERROR:crash_report_database_win.cc(426)] unexpected header
[0604/160915.122:ERROR:crash_report_database_win.cc(426)] unexpected header
[0604/162415.123:ERROR:crash_report_database_win.cc(426)] unexpected header
[0604/163915.124:ERROR:crash_report_database_win.cc(426)] unexpected header
[0604/165415.124:ERROR:crash_report_database_win.cc(426)] unexpected header
[0604/170915.125:ERROR:crash_report_database_win.cc(426)] unexpected header
[0604/172415.125:ERROR:crash_report_database_win.cc(426)] unexpected header
[0604/173915.126:ERROR:crash_report_database_win.cc(426)] unexpected header
[0604/175415.126:ERROR:crash_report_database_win.cc(426)] unexpected header
[0604/180915.127:ERROR:crash_report_database_win.cc(426)] unexpected header
[0604/182415.128:ERROR:crash_report_database_win.cc(426)] unexpected header
[0604/183915.128:ERROR:crash_report_database_win.cc(426)] unexpected header
[0604/185415.128:ERROR:crash_report_database_win.cc(426)] unexpected header
[0604/190915.129:ERROR:crash_report_database_win.cc(426)] unexpected header
[0604/192612.202:ERROR:crash_report_database_win.cc(426)] unexpected header
[0604/192619.296:ERROR:crash_report_database_win.cc(426)] unexpected header
[0604/193612.230:ERROR:crash_report_database_win.cc(426)] unexpected header
[0604/193612.238:ERROR:crash_report_database_win.cc(426)] unexpected header
[0604/194112.234:ERROR:crash_report_database_win.cc(426)] unexpected header
[0604/195612.235:ERROR:crash_report_database_win.cc(426)] unexpected header
[0604/201112.235:ERROR:crash_report_database_win.cc(426)] unexpected header
[0604/202612.235:ERROR:crash_report_database_win.cc(426)] unexpected header
[0604/203413.786:ERROR:crash_report_database_win.cc(426)] unexpected header
[0604/204112.238:ERROR:crash_report_database_win.cc(426)] unexpected header
[0604/204820.952:ERROR:crash_report_database_win.cc(426)] unexpected header
[0604/205612.239:ERROR:crash_report_database_win.cc(426)] unexpected header
[0604/211112.240:ERROR:crash_report_database_win.cc(426)] unexpected header
[0604/212612.240:ERROR:crash_report_database_win.cc(426)] unexpected header
[0604/214112.240:ERROR:crash_report_database_win.cc(426)] unexpected header
[0604/215612.241:ERROR:crash_report_database_win.cc(426)] unexpected header
[0604/221112.241:ERROR:crash_report_database_win.cc(426)] unexpected header
[0604/222612.241:ERROR:crash_report_database_win.cc(426)] unexpected header
[0604/224112.242:ERROR:crash_report_database_win.cc(426)] unexpected header
[0604/225612.242:ERROR:crash_report_database_win.cc(426)] unexpected header
[0604/231112.242:ERROR:crash_report_database_win.cc(426)] unexpected header
[0604/232612.242:ERROR:crash_report_database_win.cc(426)] unexpected header
[0605/000858.361:ERROR:crash_report_database_win.cc(426)] unexpected header
[0605/000908.800:ERROR:crash_report_database_win.cc(426)] unexpected header
[0605/001858.404:ERROR:crash_report_database_win.cc(426)] unexpected header
[0605/001858.404:ERROR:crash_report_database_win.cc(426)] unexpected header
[0605/002358.425:ERROR:crash_report_database_win.cc(426)] unexpected header
[0605/003858.425:ERROR:crash_report_database_win.cc(426)] unexpected header
[0605/111019.894:ERROR:crash_report_database_win.cc(426)] unexpected header
[0605/111108.144:ERROR:crash_report_database_win.cc(426)] unexpected header
[0605/112019.938:ERROR:crash_report_database_win.cc(426)] unexpected header
[0605/112019.938:ERROR:crash_report_database_win.cc(426)] unexpected header
[0605/112520.035:ERROR:crash_report_database_win.cc(426)] unexpected header
[0605/114020.036:ERROR:crash_report_database_win.cc(426)] unexpected header
[0605/115520.036:ERROR:crash_report_database_win.cc(426)] unexpected header
[0605/121020.037:ERROR:crash_report_database_win.cc(426)] unexpected header
[0605/122520.037:ERROR:crash_report_database_win.cc(426)] unexpected header
[0605/124020.037:ERROR:crash_report_database_win.cc(426)] unexpected header
[0605/125520.038:ERROR:crash_report_database_win.cc(426)] unexpected header
[0605/131020.038:ERROR:crash_report_database_win.cc(426)] unexpected header
[0605/131250.898:ERROR:crash_report_database_win.cc(426)] unexpected header
[0605/131855.369:ERROR:crash_report_database_win.cc(426)] unexpected header
[0605/132520.038:ERROR:crash_report_database_win.cc(426)] unexpected header
[0605/134020.038:ERROR:crash_report_database_win.cc(426)] unexpected header
[0605/135520.039:ERROR:crash_report_database_win.cc(426)] unexpected header
[0605/141020.039:ERROR:crash_report_database_win.cc(426)] unexpected header
[0605/142027.673:ERROR:crash_report_database_win.cc(426)] unexpected header
[0605/142217.767:ERROR:crash_report_database_win.cc(426)] unexpected header
[0605/142234.137:ERROR:crash_report_database_win.cc(426)] unexpected header
[0605/142356.397:ERROR:crash_report_database_win.cc(426)] unexpected header
[0605/142520.039:ERROR:crash_report_database_win.cc(426)] unexpected header
[0605/144020.040:ERROR:crash_report_database_win.cc(426)] unexpected header
[0605/145520.040:ERROR:crash_report_database_win.cc(426)] unexpected header
[0605/151020.040:ERROR:crash_report_database_win.cc(426)] unexpected header
[0605/152520.040:ERROR:crash_report_database_win.cc(426)] unexpected header
[0605/154020.041:ERROR:crash_report_database_win.cc(426)] unexpected header
[0605/155520.041:ERROR:crash_report_database_win.cc(426)] unexpected header
[0605/161020.041:ERROR:crash_report_database_win.cc(426)] unexpected header
[0605/162520.042:ERROR:crash_report_database_win.cc(426)] unexpected header
[0605/164020.042:ERROR:crash_report_database_win.cc(426)] unexpected header
[0605/165520.042:ERROR:crash_report_database_win.cc(426)] unexpected header
[0605/165604.947:ERROR:crash_report_database_win.cc(426)] unexpected header
[0605/170250.460:ERROR:crash_report_database_win.cc(426)] unexpected header
[0605/171020.042:ERROR:crash_report_database_win.cc(426)] unexpected header
[0605/171521.567:ERROR:crash_report_database_win.cc(426)] unexpected header
[0605/171813.577:ERROR:crash_report_database_win.cc(426)] unexpected header
[0605/171815.366:ERROR:crash_report_database_win.cc(426)] unexpected header
[0605/172329.897:ERROR:crash_report_database_win.cc(426)] unexpected header
[0605/172520.043:ERROR:crash_report_database_win.cc(426)] unexpected header
[0605/172545.187:ERROR:crash_report_database_win.cc(426)] unexpected header
[0605/174020.043:ERROR:crash_report_database_win.cc(426)] unexpected header
[0605/175520.043:ERROR:crash_report_database_win.cc(426)] unexpected header
[0605/181020.047:ERROR:crash_report_database_win.cc(426)] unexpected header
[0605/182342.190:ERROR:crash_report_database_win.cc(426)] unexpected header
[0605/182520.047:ERROR:crash_report_database_win.cc(426)] unexpected header
[0605/184020.048:ERROR:crash_report_database_win.cc(426)] unexpected header
[0605/184144.368:ERROR:crash_report_database_win.cc(426)] unexpected header
[0605/184205.344:ERROR:crash_report_database_win.cc(426)] unexpected header
[0605/184343.293:ERROR:crash_report_database_win.cc(426)] unexpected header
[0605/184429.271:ERROR:crash_report_database_win.cc(426)] unexpected header
[0605/184926.746:ERROR:crash_report_database_win.cc(426)] unexpected header
[0605/185110.582:ERROR:crash_report_database_win.cc(426)] unexpected header
[0605/185520.048:ERROR:crash_report_database_win.cc(426)] unexpected header
[0605/191020.048:ERROR:crash_report_database_win.cc(426)] unexpected header
[0605/192520.049:ERROR:crash_report_database_win.cc(426)] unexpected header
[0605/194020.051:ERROR:crash_report_database_win.cc(426)] unexpected header
[0605/195520.052:ERROR:crash_report_database_win.cc(426)] unexpected header
[0605/201020.052:ERROR:crash_report_database_win.cc(426)] unexpected header
[0605/202520.052:ERROR:crash_report_database_win.cc(426)] unexpected header
[0605/204020.053:ERROR:crash_report_database_win.cc(426)] unexpected header
[0605/205520.053:ERROR:crash_report_database_win.cc(426)] unexpected header
[0605/211020.054:ERROR:crash_report_database_win.cc(426)] unexpected header
[0605/212520.054:ERROR:crash_report_database_win.cc(426)] unexpected header
[0605/214020.055:ERROR:crash_report_database_win.cc(426)] unexpected header
[0605/215520.055:ERROR:crash_report_database_win.cc(426)] unexpected header
[0605/221020.055:ERROR:crash_report_database_win.cc(426)] unexpected header
[0605/222520.055:ERROR:crash_report_database_win.cc(426)] unexpected header
[0605/224020.056:ERROR:crash_report_database_win.cc(426)] unexpected header
[0605/225520.057:ERROR:crash_report_database_win.cc(426)] unexpected header
[0605/231020.057:ERROR:crash_report_database_win.cc(426)] unexpected header
[0605/232520.057:ERROR:crash_report_database_win.cc(426)] unexpected header
[0605/234020.057:ERROR:crash_report_database_win.cc(426)] unexpected header
[0605/235520.058:ERROR:crash_report_database_win.cc(426)] unexpected header
[0606/001020.058:ERROR:crash_report_database_win.cc(426)] unexpected header
[0606/002520.058:ERROR:crash_report_database_win.cc(426)] unexpected header
[0606/004020.059:ERROR:crash_report_database_win.cc(426)] unexpected header
[0606/005520.059:ERROR:crash_report_database_win.cc(426)] unexpected header
[0606/011020.059:ERROR:crash_report_database_win.cc(426)] unexpected header
[0606/011641.763:ERROR:crash_report_database_win.cc(426)] unexpected header
[0606/012520.059:ERROR:crash_report_database_win.cc(426)] unexpected header
[0606/014020.087:ERROR:crash_report_database_win.cc(426)] unexpected header
[0606/014548.322:ERROR:crash_report_database_win.cc(426)] unexpected header
[0606/014956.288:ERROR:crash_report_database_win.cc(426)] unexpected header
[0606/015520.087:ERROR:crash_report_database_win.cc(426)] unexpected header
[0606/021020.092:ERROR:crash_report_database_win.cc(426)] unexpected header
[0606/022456.171:ERROR:crash_report_database_win.cc(426)] unexpected header
[0606/022520.093:ERROR:crash_report_database_win.cc(426)] unexpected header
[0606/023147.860:ERROR:crash_report_database_win.cc(426)] unexpected header
[0606/024020.093:ERROR:crash_report_database_win.cc(426)] unexpected header
[0606/090559.540:ERROR:crash_report_database_win.cc(426)] unexpected header
[0606/091559.511:ERROR:crash_report_database_win.cc(426)] unexpected header
[0606/091559.511:ERROR:crash_report_database_win.cc(426)] unexpected header
[0606/092100.212:ERROR:crash_report_database_win.cc(426)] unexpected header
[0606/093600.213:ERROR:crash_report_database_win.cc(426)] unexpected header
[0606/095100.213:ERROR:crash_report_database_win.cc(426)] unexpected header
[0606/100600.214:ERROR:crash_report_database_win.cc(426)] unexpected header
[0606/102100.214:ERROR:crash_report_database_win.cc(426)] unexpected header
[0606/103600.214:ERROR:crash_report_database_win.cc(426)] unexpected header
[0606/105100.215:ERROR:crash_report_database_win.cc(426)] unexpected header
[0606/110600.215:ERROR:crash_report_database_win.cc(426)] unexpected header
[0606/112100.216:ERROR:crash_report_database_win.cc(426)] unexpected header
[0606/113600.216:ERROR:crash_report_database_win.cc(426)] unexpected header
[0606/115100.216:ERROR:crash_report_database_win.cc(426)] unexpected header
[0606/120600.217:ERROR:crash_report_database_win.cc(426)] unexpected header
[0606/122100.217:ERROR:crash_report_database_win.cc(426)] unexpected header
[0606/123600.217:ERROR:crash_report_database_win.cc(426)] unexpected header
[0606/125100.217:ERROR:crash_report_database_win.cc(426)] unexpected header
[0606/130600.218:ERROR:crash_report_database_win.cc(426)] unexpected header
[0606/132100.218:ERROR:crash_report_database_win.cc(426)] unexpected header
[0606/133600.218:ERROR:crash_report_database_win.cc(426)] unexpected header
[0606/135100.219:ERROR:crash_report_database_win.cc(426)] unexpected header
[0606/140600.219:ERROR:crash_report_database_win.cc(426)] unexpected header
[0606/142100.229:ERROR:crash_report_database_win.cc(426)] unexpected header
[0606/143600.229:ERROR:crash_report_database_win.cc(426)] unexpected header
[0606/145100.230:ERROR:crash_report_database_win.cc(426)] unexpected header
[0606/150600.230:ERROR:crash_report_database_win.cc(426)] unexpected header
[0606/150613.366:ERROR:crash_report_database_win.cc(426)] unexpected header
[0606/151613.366:ERROR:crash_report_database_win.cc(426)] unexpected header
[0606/151613.367:ERROR:crash_report_database_win.cc(426)] unexpected header
[0606/152113.367:ERROR:crash_report_database_win.cc(426)] unexpected header
[0606/153613.367:ERROR:crash_report_database_win.cc(426)] unexpected header
[0606/155113.367:ERROR:crash_report_database_win.cc(426)] unexpected header
[0606/160613.368:ERROR:crash_report_database_win.cc(426)] unexpected header
[0606/162113.368:ERROR:crash_report_database_win.cc(426)] unexpected header
[0606/163613.368:ERROR:crash_report_database_win.cc(426)] unexpected header
[0606/165113.389:ERROR:crash_report_database_win.cc(426)] unexpected header
[0606/170613.389:ERROR:crash_report_database_win.cc(426)] unexpected header
[0606/172113.390:ERROR:crash_report_database_win.cc(426)] unexpected header
[0606/173613.390:ERROR:crash_report_database_win.cc(426)] unexpected header
[0606/175113.390:ERROR:crash_report_database_win.cc(426)] unexpected header
[0606/180613.391:ERROR:crash_report_database_win.cc(426)] unexpected header
[0606/182113.391:ERROR:crash_report_database_win.cc(426)] unexpected header
[0606/183613.392:ERROR:crash_report_database_win.cc(426)] unexpected header
[0606/185113.499:ERROR:crash_report_database_win.cc(426)] unexpected header
[0606/190613.575:ERROR:crash_report_database_win.cc(426)] unexpected header
[0606/214445.385:ERROR:crash_report_database_win.cc(426)] unexpected header
[0606/215032.425:ERROR:crash_report_database_win.cc(426)] unexpected header
[0606/215445.096:ERROR:crash_report_database_win.cc(426)] unexpected header
[0606/215445.096:ERROR:crash_report_database_win.cc(426)] unexpected header
[0606/215946.141:ERROR:crash_report_database_win.cc(426)] unexpected header
[0606/221446.143:ERROR:crash_report_database_win.cc(426)] unexpected header
[0606/222946.143:ERROR:crash_report_database_win.cc(426)] unexpected header
[0606/224446.144:ERROR:crash_report_database_win.cc(426)] unexpected header
[0606/225946.144:ERROR:crash_report_database_win.cc(426)] unexpected header
[0606/231446.145:ERROR:crash_report_database_win.cc(426)] unexpected header
[0606/232946.145:ERROR:crash_report_database_win.cc(426)] unexpected header
[0606/234446.146:ERROR:crash_report_database_win.cc(426)] unexpected header
[0606/235946.146:ERROR:crash_report_database_win.cc(426)] unexpected header
[0607/001446.168:ERROR:crash_report_database_win.cc(426)] unexpected header
[0607/002946.173:ERROR:crash_report_database_win.cc(426)] unexpected header
[0607/004446.174:ERROR:crash_report_database_win.cc(426)] unexpected header
[0607/005946.174:ERROR:crash_report_database_win.cc(426)] unexpected header
[0607/011446.182:ERROR:crash_report_database_win.cc(426)] unexpected header
[0607/012946.182:ERROR:crash_report_database_win.cc(426)] unexpected header
[0607/014446.182:ERROR:crash_report_database_win.cc(426)] unexpected header
[0607/143245.359:ERROR:crash_report_database_win.cc(426)] unexpected header
[0607/144244.934:ERROR:crash_report_database_win.cc(426)] unexpected header
[0607/144244.934:ERROR:crash_report_database_win.cc(426)] unexpected header
[0607/144745.493:ERROR:crash_report_database_win.cc(426)] unexpected header
[0607/150245.536:ERROR:crash_report_database_win.cc(426)] unexpected header
[0607/151745.549:ERROR:crash_report_database_win.cc(426)] unexpected header
[0607/153245.566:ERROR:crash_report_database_win.cc(426)] unexpected header
[0607/154745.567:ERROR:crash_report_database_win.cc(426)] unexpected header
[0607/160245.597:ERROR:crash_report_database_win.cc(426)] unexpected header
[0607/161746.110:ERROR:crash_report_database_win.cc(426)] unexpected header
[0607/162209.735:ERROR:crash_report_database_win.cc(426)] unexpected header
[0607/163106.702:ERROR:crash_report_database_win.cc(426)] unexpected header
[0607/163209.849:ERROR:crash_report_database_win.cc(426)] unexpected header
[0607/163209.849:ERROR:crash_report_database_win.cc(426)] unexpected header
[0607/163710.080:ERROR:crash_report_database_win.cc(426)] unexpected header
[0607/165210.080:ERROR:crash_report_database_win.cc(426)] unexpected header
[0607/170710.081:ERROR:crash_report_database_win.cc(426)] unexpected header
[0607/172210.081:ERROR:crash_report_database_win.cc(426)] unexpected header
[0607/173710.082:ERROR:crash_report_database_win.cc(426)] unexpected header
[0607/175210.082:ERROR:crash_report_database_win.cc(426)] unexpected header
[0607/180710.083:ERROR:crash_report_database_win.cc(426)] unexpected header
[0607/182210.083:ERROR:crash_report_database_win.cc(426)] unexpected header
[0607/183710.084:ERROR:crash_report_database_win.cc(426)] unexpected header
[0607/185210.084:ERROR:crash_report_database_win.cc(426)] unexpected header
[0607/190710.085:ERROR:crash_report_database_win.cc(426)] unexpected header
[0607/192210.085:ERROR:crash_report_database_win.cc(426)] unexpected header
[0607/193710.086:ERROR:crash_report_database_win.cc(426)] unexpected header
[0607/195210.086:ERROR:crash_report_database_win.cc(426)] unexpected header
[0607/200710.086:ERROR:crash_report_database_win.cc(426)] unexpected header
[0607/202210.087:ERROR:crash_report_database_win.cc(426)] unexpected header
[0607/203710.087:ERROR:crash_report_database_win.cc(426)] unexpected header
[0607/205210.088:ERROR:crash_report_database_win.cc(426)] unexpected header
[0607/210710.088:ERROR:crash_report_database_win.cc(426)] unexpected header
[0607/212210.089:ERROR:crash_report_database_win.cc(426)] unexpected header
[0607/213710.089:ERROR:crash_report_database_win.cc(426)] unexpected header
[0607/215210.090:ERROR:crash_report_database_win.cc(426)] unexpected header
[0607/220710.090:ERROR:crash_report_database_win.cc(426)] unexpected header
[0607/222210.091:ERROR:crash_report_database_win.cc(426)] unexpected header
[0607/223710.091:ERROR:crash_report_database_win.cc(426)] unexpected header
[0607/225210.092:ERROR:crash_report_database_win.cc(426)] unexpected header
[0607/230710.092:ERROR:crash_report_database_win.cc(426)] unexpected header
[0607/232210.093:ERROR:crash_report_database_win.cc(426)] unexpected header
[0607/233710.133:ERROR:crash_report_database_win.cc(426)] unexpected header
[0607/235210.157:ERROR:crash_report_database_win.cc(426)] unexpected header
[0608/000710.245:ERROR:crash_report_database_win.cc(426)] unexpected header
[0608/002210.306:ERROR:crash_report_database_win.cc(426)] unexpected header
[0608/125014.111:ERROR:crash_report_database_win.cc(426)] unexpected header
[0608/130014.120:ERROR:crash_report_database_win.cc(426)] unexpected header
[0608/130014.128:ERROR:crash_report_database_win.cc(426)] unexpected header
[0608/130514.324:ERROR:crash_report_database_win.cc(426)] unexpected header
[0608/132014.324:ERROR:crash_report_database_win.cc(426)] unexpected header
[0608/133514.325:ERROR:crash_report_database_win.cc(426)] unexpected header
[0608/135014.325:ERROR:crash_report_database_win.cc(426)] unexpected header
[0608/140514.332:ERROR:crash_report_database_win.cc(426)] unexpected header
[0608/142014.333:ERROR:crash_report_database_win.cc(426)] unexpected header
[0608/143514.340:ERROR:crash_report_database_win.cc(426)] unexpected header
[0608/145014.340:ERROR:crash_report_database_win.cc(426)] unexpected header
[0608/150514.341:ERROR:crash_report_database_win.cc(426)] unexpected header
[0608/152014.343:ERROR:crash_report_database_win.cc(426)] unexpected header
[0608/153200.761:ERROR:crash_report_database_win.cc(426)] unexpected header
[0608/153206.514:ERROR:crash_report_database_win.cc(426)] unexpected header
[0608/153514.369:ERROR:crash_report_database_win.cc(426)] unexpected header
[0608/155014.369:ERROR:crash_report_database_win.cc(426)] unexpected header
[0608/160514.370:ERROR:crash_report_database_win.cc(426)] unexpected header
[0608/162014.412:ERROR:crash_report_database_win.cc(426)] unexpected header
[0608/163514.413:ERROR:crash_report_database_win.cc(426)] unexpected header
[0608/165014.413:ERROR:crash_report_database_win.cc(426)] unexpected header
[0608/170514.414:ERROR:crash_report_database_win.cc(426)] unexpected header
[0608/172014.414:ERROR:crash_report_database_win.cc(426)] unexpected header
[0608/173514.414:ERROR:crash_report_database_win.cc(426)] unexpected header
[0608/175014.415:ERROR:crash_report_database_win.cc(426)] unexpected header
[0608/180514.415:ERROR:crash_report_database_win.cc(426)] unexpected header
[0608/182014.416:ERROR:crash_report_database_win.cc(426)] unexpected header
[0608/183514.416:ERROR:crash_report_database_win.cc(426)] unexpected header
[0608/185014.428:ERROR:crash_report_database_win.cc(426)] unexpected header
[0608/190514.428:ERROR:crash_report_database_win.cc(426)] unexpected header
[0608/192014.429:ERROR:crash_report_database_win.cc(426)] unexpected header
[0608/193514.429:ERROR:crash_report_database_win.cc(426)] unexpected header
[0608/195014.430:ERROR:crash_report_database_win.cc(426)] unexpected header
[0608/200514.430:ERROR:crash_report_database_win.cc(426)] unexpected header
[0608/202014.431:ERROR:crash_report_database_win.cc(426)] unexpected header
[0608/203514.431:ERROR:crash_report_database_win.cc(426)] unexpected header
[0608/205014.432:ERROR:crash_report_database_win.cc(426)] unexpected header
[0608/210514.432:ERROR:crash_report_database_win.cc(426)] unexpected header
[0608/212014.433:ERROR:crash_report_database_win.cc(426)] unexpected header
[0608/213514.433:ERROR:crash_report_database_win.cc(426)] unexpected header
[0608/215014.434:ERROR:crash_report_database_win.cc(426)] unexpected header
[0608/220514.434:ERROR:crash_report_database_win.cc(426)] unexpected header
[0608/222014.435:ERROR:crash_report_database_win.cc(426)] unexpected header
[0608/223514.435:ERROR:crash_report_database_win.cc(426)] unexpected header
[0608/225014.435:ERROR:crash_report_database_win.cc(426)] unexpected header
[0608/230514.436:ERROR:crash_report_database_win.cc(426)] unexpected header
[0608/232014.436:ERROR:crash_report_database_win.cc(426)] unexpected header
[0608/233304.847:ERROR:crash_report_database_win.cc(426)] unexpected header
[0608/234001.253:ERROR:crash_report_database_win.cc(426)] unexpected header
[0608/234304.887:ERROR:crash_report_database_win.cc(426)] unexpected header
[0608/234304.887:ERROR:crash_report_database_win.cc(426)] unexpected header
[0608/234805.110:ERROR:crash_report_database_win.cc(426)] unexpected header
[0609/000128.162:ERROR:crash_report_database_win.cc(426)] unexpected header
[0609/001128.066:ERROR:crash_report_database_win.cc(426)] unexpected header
[0609/001128.066:ERROR:crash_report_database_win.cc(426)] unexpected header
[0609/001628.304:ERROR:crash_report_database_win.cc(426)] unexpected header
[0609/003128.304:ERROR:crash_report_database_win.cc(426)] unexpected header
[0609/003531.120:ERROR:crash_report_database_win.cc(426)] unexpected header
[0609/004530.701:ERROR:crash_report_database_win.cc(426)] unexpected header
[0609/004530.702:ERROR:crash_report_database_win.cc(426)] unexpected header
[0609/005031.181:ERROR:crash_report_database_win.cc(426)] unexpected header
[0609/010531.181:ERROR:crash_report_database_win.cc(426)] unexpected header
[0609/012031.250:ERROR:crash_report_database_win.cc(426)] unexpected header
[0609/013531.252:ERROR:crash_report_database_win.cc(426)] unexpected header
[0609/015031.258:ERROR:crash_report_database_win.cc(426)] unexpected header
[0609/020531.292:ERROR:crash_report_database_win.cc(426)] unexpected header
[0609/022031.303:ERROR:crash_report_database_win.cc(426)] unexpected header
[0609/062249.553:ERROR:crash_report_database_win.cc(426)] unexpected header
[0609/063249.553:ERROR:crash_report_database_win.cc(426)] unexpected header
[0609/063249.553:ERROR:crash_report_database_win.cc(426)] unexpected header
[0609/063749.585:ERROR:crash_report_database_win.cc(426)] unexpected header
[0609/065249.778:ERROR:crash_report_database_win.cc(426)] unexpected header
[0609/070749.789:ERROR:crash_report_database_win.cc(426)] unexpected header
[0609/071633.261:ERROR:crash_report_database_win.cc(426)] unexpected header
[0609/072036.198:ERROR:crash_report_database_win.cc(426)] unexpected header
[0609/072036.209:ERROR:crash_report_database_win.cc(426)] unexpected header
[0609/072632.435:ERROR:crash_report_database_win.cc(426)] unexpected header
[0609/072632.435:ERROR:crash_report_database_win.cc(426)] unexpected header
[0609/073133.394:ERROR:crash_report_database_win.cc(426)] unexpected header
[0609/074633.394:ERROR:crash_report_database_win.cc(426)] unexpected header
[0609/080133.395:ERROR:crash_report_database_win.cc(426)] unexpected header
[0609/081633.405:ERROR:crash_report_database_win.cc(426)] unexpected header
[0609/083133.405:ERROR:crash_report_database_win.cc(426)] unexpected header
[0609/084633.425:ERROR:crash_report_database_win.cc(426)] unexpected header
[0609/085312.107:ERROR:crash_report_database_win.cc(426)] unexpected header
[0609/090133.426:ERROR:crash_report_database_win.cc(426)] unexpected header
[0609/091350.525:ERROR:crash_report_database_win.cc(426)] unexpected header
[0609/091407.819:ERROR:crash_report_database_win.cc(426)] unexpected header
[0609/091426.443:ERROR:crash_report_database_win.cc(426)] unexpected header
[0609/091519.574:ERROR:crash_report_database_win.cc(426)] unexpected header
[0609/091633.426:ERROR:crash_report_database_win.cc(426)] unexpected header
[0609/093133.441:ERROR:crash_report_database_win.cc(426)] unexpected header
[0609/094633.455:ERROR:crash_report_database_win.cc(426)] unexpected header
[0609/100133.456:ERROR:crash_report_database_win.cc(426)] unexpected header
[0609/101633.456:ERROR:crash_report_database_win.cc(426)] unexpected header
[0609/103133.457:ERROR:crash_report_database_win.cc(426)] unexpected header
[0609/104633.457:ERROR:crash_report_database_win.cc(426)] unexpected header
[0609/110133.458:ERROR:crash_report_database_win.cc(426)] unexpected header
[0609/111633.458:ERROR:crash_report_database_win.cc(426)] unexpected header
[0609/113133.459:ERROR:crash_report_database_win.cc(426)] unexpected header
[0609/114633.459:ERROR:crash_report_database_win.cc(426)] unexpected header
[0609/120133.460:ERROR:crash_report_database_win.cc(426)] unexpected header
[0609/121633.460:ERROR:crash_report_database_win.cc(426)] unexpected header
[0609/123133.461:ERROR:crash_report_database_win.cc(426)] unexpected header
[0609/124633.461:ERROR:crash_report_database_win.cc(426)] unexpected header
[0609/130133.461:ERROR:crash_report_database_win.cc(426)] unexpected header
[0609/131633.462:ERROR:crash_report_database_win.cc(426)] unexpected header
[0609/133133.462:ERROR:crash_report_database_win.cc(426)] unexpected header
[0609/134633.463:ERROR:crash_report_database_win.cc(426)] unexpected header
[0609/140133.463:ERROR:crash_report_database_win.cc(426)] unexpected header
[0609/141633.464:ERROR:crash_report_database_win.cc(426)] unexpected header
[0609/143133.464:ERROR:crash_report_database_win.cc(426)] unexpected header
[0609/144633.465:ERROR:crash_report_database_win.cc(426)] unexpected header
[0609/150133.465:ERROR:crash_report_database_win.cc(426)] unexpected header
[0609/151633.466:ERROR:crash_report_database_win.cc(426)] unexpected header
[0609/153133.466:ERROR:crash_report_database_win.cc(426)] unexpected header
[0609/154633.467:ERROR:crash_report_database_win.cc(426)] unexpected header
[0609/160133.467:ERROR:crash_report_database_win.cc(426)] unexpected header
[0609/161633.468:ERROR:crash_report_database_win.cc(426)] unexpected header
[0609/163133.468:ERROR:crash_report_database_win.cc(426)] unexpected header
[0609/164633.469:ERROR:crash_report_database_win.cc(426)] unexpected header
[0609/164842.978:ERROR:crash_report_database_win.cc(426)] unexpected header
[0609/164937.500:ERROR:crash_report_database_win.cc(426)] unexpected header
[0609/170133.469:ERROR:crash_report_database_win.cc(426)] unexpected header
[0609/171633.470:ERROR:crash_report_database_win.cc(426)] unexpected header
[0609/173133.470:ERROR:crash_report_database_win.cc(426)] unexpected header
[0609/173552.451:ERROR:crash_report_database_win.cc(426)] unexpected header
[0609/174633.471:ERROR:crash_report_database_win.cc(426)] unexpected header
[0609/180133.471:ERROR:crash_report_database_win.cc(426)] unexpected header
[0609/181633.472:ERROR:crash_report_database_win.cc(426)] unexpected header
[0609/183133.472:ERROR:crash_report_database_win.cc(426)] unexpected header
[0609/184633.472:ERROR:crash_report_database_win.cc(426)] unexpected header
[0609/190133.473:ERROR:crash_report_database_win.cc(426)] unexpected header
[0609/191633.473:ERROR:crash_report_database_win.cc(426)] unexpected header
[0609/193133.474:ERROR:crash_report_database_win.cc(426)] unexpected header
[0609/194633.474:ERROR:crash_report_database_win.cc(426)] unexpected header
[0609/200133.475:ERROR:crash_report_database_win.cc(426)] unexpected header
[0609/201633.475:ERROR:crash_report_database_win.cc(426)] unexpected header
[0609/203133.476:ERROR:crash_report_database_win.cc(426)] unexpected header
[0609/204633.476:ERROR:crash_report_database_win.cc(426)] unexpected header
[0609/210133.477:ERROR:crash_report_database_win.cc(426)] unexpected header
[0609/211633.477:ERROR:crash_report_database_win.cc(426)] unexpected header
[0609/213133.478:ERROR:crash_report_database_win.cc(426)] unexpected header
[0609/214633.478:ERROR:crash_report_database_win.cc(426)] unexpected header
[0609/220133.479:ERROR:crash_report_database_win.cc(426)] unexpected header
[0609/221633.479:ERROR:crash_report_database_win.cc(426)] unexpected header
[0609/223133.480:ERROR:crash_report_database_win.cc(426)] unexpected header
[0609/224633.480:ERROR:crash_report_database_win.cc(426)] unexpected header
[0609/230133.481:ERROR:crash_report_database_win.cc(426)] unexpected header
[0609/231633.481:ERROR:crash_report_database_win.cc(426)] unexpected header
[0609/233133.482:ERROR:crash_report_database_win.cc(426)] unexpected header
[0609/234633.482:ERROR:crash_report_database_win.cc(426)] unexpected header
[0610/000133.482:ERROR:crash_report_database_win.cc(426)] unexpected header
[0610/001633.483:ERROR:crash_report_database_win.cc(426)] unexpected header
[0610/003133.483:ERROR:crash_report_database_win.cc(426)] unexpected header
[0610/004633.484:ERROR:crash_report_database_win.cc(426)] unexpected header
[0610/005921.326:ERROR:crash_report_database_win.cc(426)] unexpected header
[0610/010133.484:ERROR:crash_report_database_win.cc(426)] unexpected header
[0610/011633.485:ERROR:crash_report_database_win.cc(426)] unexpected header
[0610/013133.485:ERROR:crash_report_database_win.cc(426)] unexpected header
[0610/014633.486:ERROR:crash_report_database_win.cc(426)] unexpected header
[0610/014938.387:ERROR:crash_report_database_win.cc(426)] unexpected header
[0610/015945.861:ERROR:crash_report_database_win.cc(426)] unexpected header
[0610/020133.486:ERROR:crash_report_database_win.cc(426)] unexpected header
[0610/020824.414:ERROR:crash_report_database_win.cc(426)] unexpected header
[0610/124911.759:ERROR:crash_report_database_win.cc(426)] unexpected header
[0610/125911.788:ERROR:crash_report_database_win.cc(426)] unexpected header
[0610/125911.811:ERROR:crash_report_database_win.cc(426)] unexpected header
[0610/130411.920:ERROR:crash_report_database_win.cc(426)] unexpected header
[0610/131911.921:ERROR:crash_report_database_win.cc(426)] unexpected header
[0610/133411.921:ERROR:crash_report_database_win.cc(426)] unexpected header
[0610/134911.930:ERROR:crash_report_database_win.cc(426)] unexpected header
[0610/140411.959:ERROR:crash_report_database_win.cc(426)] unexpected header
[0610/141911.976:ERROR:crash_report_database_win.cc(426)] unexpected header
[0610/143412.036:ERROR:crash_report_database_win.cc(426)] unexpected header
[0610/144912.052:ERROR:crash_report_database_win.cc(426)] unexpected header
[0610/150412.052:ERROR:crash_report_database_win.cc(426)] unexpected header
[0610/151912.067:ERROR:crash_report_database_win.cc(426)] unexpected header
[0610/153412.067:ERROR:crash_report_database_win.cc(426)] unexpected header
[0610/154912.068:ERROR:crash_report_database_win.cc(426)] unexpected header
[0610/155425.743:ERROR:crash_report_database_win.cc(426)] unexpected header
[0610/160412.079:ERROR:crash_report_database_win.cc(426)] unexpected header
[0610/161912.080:ERROR:crash_report_database_win.cc(426)] unexpected header
[0610/163412.080:ERROR:crash_report_database_win.cc(426)] unexpected header
[0610/164912.081:ERROR:crash_report_database_win.cc(426)] unexpected header
[0610/170412.081:ERROR:crash_report_database_win.cc(426)] unexpected header
[0610/171912.082:ERROR:crash_report_database_win.cc(426)] unexpected header
[0610/173412.113:ERROR:crash_report_database_win.cc(426)] unexpected header
[0610/174912.121:ERROR:crash_report_database_win.cc(426)] unexpected header
[0610/180412.121:ERROR:crash_report_database_win.cc(426)] unexpected header
[0610/181912.121:ERROR:crash_report_database_win.cc(426)] unexpected header
[0610/183412.122:ERROR:crash_report_database_win.cc(426)] unexpected header
[0610/184912.122:ERROR:crash_report_database_win.cc(426)] unexpected header
[0610/190412.150:ERROR:crash_report_database_win.cc(426)] unexpected header
[0610/191912.150:ERROR:crash_report_database_win.cc(426)] unexpected header
[0610/193412.151:ERROR:crash_report_database_win.cc(426)] unexpected header
[0610/194912.151:ERROR:crash_report_database_win.cc(426)] unexpected header
[0610/200412.152:ERROR:crash_report_database_win.cc(426)] unexpected header
[0610/201912.152:ERROR:crash_report_database_win.cc(426)] unexpected header
[0610/203412.153:ERROR:crash_report_database_win.cc(426)] unexpected header
[0610/204912.153:ERROR:crash_report_database_win.cc(426)] unexpected header
[0610/210412.154:ERROR:crash_report_database_win.cc(426)] unexpected header
[0610/211912.154:ERROR:crash_report_database_win.cc(426)] unexpected header
[0610/213412.155:ERROR:crash_report_database_win.cc(426)] unexpected header
[0610/214912.155:ERROR:crash_report_database_win.cc(426)] unexpected header
[0610/220412.156:ERROR:crash_report_database_win.cc(426)] unexpected header
[0610/221912.156:ERROR:crash_report_database_win.cc(426)] unexpected header
[0610/223412.157:ERROR:crash_report_database_win.cc(426)] unexpected header
[0610/224912.157:ERROR:crash_report_database_win.cc(426)] unexpected header
[0610/230412.158:ERROR:crash_report_database_win.cc(426)] unexpected header
[0610/231912.158:ERROR:crash_report_database_win.cc(426)] unexpected header
[0610/233412.158:ERROR:crash_report_database_win.cc(426)] unexpected header
[0610/234912.159:ERROR:crash_report_database_win.cc(426)] unexpected header
[0611/000412.159:ERROR:crash_report_database_win.cc(426)] unexpected header
[0611/001912.160:ERROR:crash_report_database_win.cc(426)] unexpected header
[0611/002213.618:ERROR:crash_report_database_win.cc(426)] unexpected header
[0611/003412.160:ERROR:crash_report_database_win.cc(426)] unexpected header
[0611/004912.161:ERROR:crash_report_database_win.cc(426)] unexpected header
[0611/010414.264:ERROR:crash_report_database_win.cc(426)] unexpected header
[0611/011914.306:ERROR:crash_report_database_win.cc(426)] unexpected header
[0611/013414.307:ERROR:crash_report_database_win.cc(426)] unexpected header
[0611/014914.309:ERROR:crash_report_database_win.cc(426)] unexpected header
[0611/020414.311:ERROR:crash_report_database_win.cc(426)] unexpected header
[0611/021914.311:ERROR:crash_report_database_win.cc(426)] unexpected header
[0611/081958.372:ERROR:crash_report_database_win.cc(426)] unexpected header
[0611/082957.370:ERROR:crash_report_database_win.cc(426)] unexpected header
[0611/082957.371:ERROR:crash_report_database_win.cc(426)] unexpected header
[0611/083500.278:ERROR:crash_report_database_win.cc(426)] unexpected header
[0611/085000.278:ERROR:crash_report_database_win.cc(426)] unexpected header
[0611/085504.864:ERROR:crash_report_database_win.cc(426)] unexpected header
[0611/090500.278:ERROR:crash_report_database_win.cc(426)] unexpected header
[0611/092000.278:ERROR:crash_report_database_win.cc(426)] unexpected header
[0611/093500.279:ERROR:crash_report_database_win.cc(426)] unexpected header
[0611/095000.279:ERROR:crash_report_database_win.cc(426)] unexpected header
[0611/100500.279:ERROR:crash_report_database_win.cc(426)] unexpected header
[0611/102000.280:ERROR:crash_report_database_win.cc(426)] unexpected header
[0611/103500.280:ERROR:crash_report_database_win.cc(426)] unexpected header
[0611/105000.280:ERROR:crash_report_database_win.cc(426)] unexpected header
[0611/110500.280:ERROR:crash_report_database_win.cc(426)] unexpected header
[0611/112000.281:ERROR:crash_report_database_win.cc(426)] unexpected header
[0611/113500.281:ERROR:crash_report_database_win.cc(426)] unexpected header
[0611/115000.282:ERROR:crash_report_database_win.cc(426)] unexpected header
[0611/120500.342:ERROR:crash_report_database_win.cc(426)] unexpected header
[0611/122000.359:ERROR:crash_report_database_win.cc(426)] unexpected header
[0611/123500.360:ERROR:crash_report_database_win.cc(426)] unexpected header
[0611/125000.361:ERROR:crash_report_database_win.cc(426)] unexpected header
[0611/130500.363:ERROR:crash_report_database_win.cc(426)] unexpected header
[0611/132000.363:ERROR:crash_report_database_win.cc(426)] unexpected header
[0611/133500.411:ERROR:crash_report_database_win.cc(426)] unexpected header
[0611/135000.414:ERROR:crash_report_database_win.cc(426)] unexpected header
[0611/140743.264:ERROR:crash_report_database_win.cc(426)] unexpected header
[0611/141743.057:ERROR:crash_report_database_win.cc(426)] unexpected header
[0611/141743.057:ERROR:crash_report_database_win.cc(426)] unexpected header
[0611/142243.635:ERROR:crash_report_database_win.cc(426)] unexpected header
[0611/142523.675:ERROR:crash_report_database_win.cc(426)] unexpected header
[0611/143743.635:ERROR:crash_report_database_win.cc(426)] unexpected header
[0611/145243.635:ERROR:crash_report_database_win.cc(426)] unexpected header
[0611/150743.636:ERROR:crash_report_database_win.cc(426)] unexpected header
[0611/152243.636:ERROR:crash_report_database_win.cc(426)] unexpected header
[0611/153743.636:ERROR:crash_report_database_win.cc(426)] unexpected header
[0611/155243.637:ERROR:crash_report_database_win.cc(426)] unexpected header
[0611/160743.639:ERROR:crash_report_database_win.cc(426)] unexpected header
[0611/162243.640:ERROR:crash_report_database_win.cc(426)] unexpected header
[0611/163743.640:ERROR:crash_report_database_win.cc(426)] unexpected header
[0611/165243.640:ERROR:crash_report_database_win.cc(426)] unexpected header
[0611/170743.640:ERROR:crash_report_database_win.cc(426)] unexpected header
[0611/172243.641:ERROR:crash_report_database_win.cc(426)] unexpected header
[0611/173508.810:ERROR:crash_report_database_win.cc(426)] unexpected header
[0611/173743.641:ERROR:crash_report_database_win.cc(426)] unexpected header
[0611/175243.641:ERROR:crash_report_database_win.cc(426)] unexpected header
[0611/180743.642:ERROR:crash_report_database_win.cc(426)] unexpected header
[0611/182243.642:ERROR:crash_report_database_win.cc(426)] unexpected header
[0611/183743.642:ERROR:crash_report_database_win.cc(426)] unexpected header
[0611/185243.642:ERROR:crash_report_database_win.cc(426)] unexpected header
[0611/190743.685:ERROR:crash_report_database_win.cc(426)] unexpected header
[0611/191444.136:ERROR:crash_report_database_win.cc(426)] unexpected header
[0611/192243.685:ERROR:crash_report_database_win.cc(426)] unexpected header
[0611/193743.685:ERROR:crash_report_database_win.cc(426)] unexpected header
[0611/193906.984:ERROR:crash_report_database_win.cc(426)] unexpected header
[0611/195243.686:ERROR:crash_report_database_win.cc(426)] unexpected header
[0611/200743.687:ERROR:crash_report_database_win.cc(426)] unexpected header
[0611/202243.689:ERROR:crash_report_database_win.cc(426)] unexpected header
[0611/203743.689:ERROR:crash_report_database_win.cc(426)] unexpected header
[0611/205243.690:ERROR:crash_report_database_win.cc(426)] unexpected header
[0611/210743.690:ERROR:crash_report_database_win.cc(426)] unexpected header
[0611/212243.690:ERROR:crash_report_database_win.cc(426)] unexpected header
[0611/213743.691:ERROR:crash_report_database_win.cc(426)] unexpected header
[0611/215243.691:ERROR:crash_report_database_win.cc(426)] unexpected header
[0611/234901.680:ERROR:crash_report_database_win.cc(426)] unexpected header
[0611/235901.717:ERROR:crash_report_database_win.cc(426)] unexpected header
[0611/235901.729:ERROR:crash_report_database_win.cc(426)] unexpected header
[0612/000401.782:ERROR:crash_report_database_win.cc(426)] unexpected header
[0612/001901.782:ERROR:crash_report_database_win.cc(426)] unexpected header
[0612/003401.782:ERROR:crash_report_database_win.cc(426)] unexpected header
[0612/004901.782:ERROR:crash_report_database_win.cc(426)] unexpected header
[0612/010402.328:ERROR:crash_report_database_win.cc(426)] unexpected header
[0612/011902.329:ERROR:crash_report_database_win.cc(426)] unexpected header
[0612/012331.756:ERROR:crash_report_database_win.cc(426)] unexpected header
[0612/013402.329:ERROR:crash_report_database_win.cc(426)] unexpected header
[0612/014902.329:ERROR:crash_report_database_win.cc(426)] unexpected header
[0612/020402.329:ERROR:crash_report_database_win.cc(426)] unexpected header
[0612/021902.330:ERROR:crash_report_database_win.cc(426)] unexpected header
[0612/023402.330:ERROR:crash_report_database_win.cc(426)] unexpected header
[0612/132045.616:ERROR:crash_report_database_win.cc(426)] unexpected header
[0612/132853.636:ERROR:crash_report_database_win.cc(426)] unexpected header
[0612/133045.677:ERROR:crash_report_database_win.cc(426)] unexpected header
[0612/133045.677:ERROR:crash_report_database_win.cc(426)] unexpected header
[0612/133545.635:ERROR:crash_report_database_win.cc(426)] unexpected header
[0612/135045.635:ERROR:crash_report_database_win.cc(426)] unexpected header
[0612/140545.635:ERROR:crash_report_database_win.cc(426)] unexpected header
[0612/142045.635:ERROR:crash_report_database_win.cc(426)] unexpected header
[0612/143545.636:ERROR:crash_report_database_win.cc(426)] unexpected header
[0612/145045.636:ERROR:crash_report_database_win.cc(426)] unexpected header
[0612/150545.636:ERROR:crash_report_database_win.cc(426)] unexpected header
[0612/152045.636:ERROR:crash_report_database_win.cc(426)] unexpected header
[0612/153545.637:ERROR:crash_report_database_win.cc(426)] unexpected header
[0612/155045.638:ERROR:crash_report_database_win.cc(426)] unexpected header
[0612/160545.638:ERROR:crash_report_database_win.cc(426)] unexpected header
[0612/162045.638:ERROR:crash_report_database_win.cc(426)] unexpected header
[0612/163545.638:ERROR:crash_report_database_win.cc(426)] unexpected header
[0612/165045.639:ERROR:crash_report_database_win.cc(426)] unexpected header
[0612/170545.639:ERROR:crash_report_database_win.cc(426)] unexpected header
[0612/172045.640:ERROR:crash_report_database_win.cc(426)] unexpected header
[0612/173545.641:ERROR:crash_report_database_win.cc(426)] unexpected header
[0612/175045.641:ERROR:crash_report_database_win.cc(426)] unexpected header
[0612/180545.641:ERROR:crash_report_database_win.cc(426)] unexpected header
[0612/182045.641:ERROR:crash_report_database_win.cc(426)] unexpected header
[0612/183545.642:ERROR:crash_report_database_win.cc(426)] unexpected header
[0612/185045.655:ERROR:crash_report_database_win.cc(426)] unexpected header
[0612/190545.655:ERROR:crash_report_database_win.cc(426)] unexpected header
[0612/192045.656:ERROR:crash_report_database_win.cc(426)] unexpected header
[0612/193545.656:ERROR:crash_report_database_win.cc(426)] unexpected header
[0612/195045.663:ERROR:crash_report_database_win.cc(426)] unexpected header
[0612/200545.663:ERROR:crash_report_database_win.cc(426)] unexpected header
[0612/202045.663:ERROR:crash_report_database_win.cc(426)] unexpected header
[0612/203545.663:ERROR:crash_report_database_win.cc(426)] unexpected header
[0612/205045.664:ERROR:crash_report_database_win.cc(426)] unexpected header
[0612/210545.664:ERROR:crash_report_database_win.cc(426)] unexpected header
[0612/212045.683:ERROR:crash_report_database_win.cc(426)] unexpected header
[0612/213545.684:ERROR:crash_report_database_win.cc(426)] unexpected header
[0612/215045.684:ERROR:crash_report_database_win.cc(426)] unexpected header
[0612/220545.686:ERROR:crash_report_database_win.cc(426)] unexpected header
[0612/222045.686:ERROR:crash_report_database_win.cc(426)] unexpected header
[0612/223545.687:ERROR:crash_report_database_win.cc(426)] unexpected header
[0612/225045.687:ERROR:crash_report_database_win.cc(426)] unexpected header
[0612/230545.687:ERROR:crash_report_database_win.cc(426)] unexpected header
[0612/232045.688:ERROR:crash_report_database_win.cc(426)] unexpected header
[0612/233545.688:ERROR:crash_report_database_win.cc(426)] unexpected header
[0612/235045.689:ERROR:crash_report_database_win.cc(426)] unexpected header
[0613/000545.689:ERROR:crash_report_database_win.cc(426)] unexpected header
[0613/002045.725:ERROR:crash_report_database_win.cc(426)] unexpected header
[0613/003545.738:ERROR:crash_report_database_win.cc(426)] unexpected header
[0613/005045.738:ERROR:crash_report_database_win.cc(426)] unexpected header
[0613/010545.739:ERROR:crash_report_database_win.cc(426)] unexpected header
[0613/011022.958:ERROR:crash_report_database_win.cc(426)] unexpected header
[0613/012045.739:ERROR:crash_report_database_win.cc(426)] unexpected header
[0613/013545.740:ERROR:crash_report_database_win.cc(426)] unexpected header
[0613/015045.740:ERROR:crash_report_database_win.cc(426)] unexpected header
[0613/104028.888:ERROR:crash_report_database_win.cc(426)] unexpected header
[0613/105029.539:ERROR:crash_report_database_win.cc(426)] unexpected header
[0613/105029.627:ERROR:crash_report_database_win.cc(426)] unexpected header
[0613/105530.073:ERROR:crash_report_database_win.cc(426)] unexpected header
[0613/110847.230:ERROR:crash_report_database_win.cc(426)] unexpected header
[0613/110847.231:ERROR:crash_report_database_win.cc(426)] unexpected header
[0613/111030.124:ERROR:crash_report_database_win.cc(426)] unexpected header
[0613/112530.124:ERROR:crash_report_database_win.cc(426)] unexpected header
[0613/114030.125:ERROR:crash_report_database_win.cc(426)] unexpected header
[0613/115530.125:ERROR:crash_report_database_win.cc(426)] unexpected header
[0613/121030.125:ERROR:crash_report_database_win.cc(426)] unexpected header
[0613/122530.125:ERROR:crash_report_database_win.cc(426)] unexpected header
[0613/124030.126:ERROR:crash_report_database_win.cc(426)] unexpected header
[0613/125530.126:ERROR:crash_report_database_win.cc(426)] unexpected header
[0613/131030.139:ERROR:crash_report_database_win.cc(426)] unexpected header
[0613/131434.069:ERROR:crash_report_database_win.cc(426)] unexpected header
[0613/132530.140:ERROR:crash_report_database_win.cc(426)] unexpected header
[0613/134030.140:ERROR:crash_report_database_win.cc(426)] unexpected header
[0613/135530.140:ERROR:crash_report_database_win.cc(426)] unexpected header
[0613/140359.298:ERROR:crash_report_database_win.cc(426)] unexpected header
[0613/141030.140:ERROR:crash_report_database_win.cc(426)] unexpected header
[0613/141708.123:ERROR:crash_report_database_win.cc(426)] unexpected header
[0613/142530.141:ERROR:crash_report_database_win.cc(426)] unexpected header
[0613/142902.740:ERROR:crash_report_database_win.cc(426)] unexpected header
[0613/144030.141:ERROR:crash_report_database_win.cc(426)] unexpected header
[0613/145530.141:ERROR:crash_report_database_win.cc(426)] unexpected header
[0613/151030.142:ERROR:crash_report_database_win.cc(426)] unexpected header
[0613/152530.142:ERROR:crash_report_database_win.cc(426)] unexpected header
[0613/154030.142:ERROR:crash_report_database_win.cc(426)] unexpected header
[0613/155530.196:ERROR:crash_report_database_win.cc(426)] unexpected header
[0613/161030.198:ERROR:crash_report_database_win.cc(426)] unexpected header
[0613/162530.198:ERROR:crash_report_database_win.cc(426)] unexpected header
[0613/164030.199:ERROR:crash_report_database_win.cc(426)] unexpected header
[0613/165530.199:ERROR:crash_report_database_win.cc(426)] unexpected header
[0613/171030.199:ERROR:crash_report_database_win.cc(426)] unexpected header
[0613/172530.200:ERROR:crash_report_database_win.cc(426)] unexpected header
[0613/174030.200:ERROR:crash_report_database_win.cc(426)] unexpected header
[0613/175530.236:ERROR:crash_report_database_win.cc(426)] unexpected header
[0613/181030.270:ERROR:crash_report_database_win.cc(426)] unexpected header
[0613/182530.271:ERROR:crash_report_database_win.cc(426)] unexpected header
[0613/184030.271:ERROR:crash_report_database_win.cc(426)] unexpected header
[0613/185530.271:ERROR:crash_report_database_win.cc(426)] unexpected header
[0613/191030.272:ERROR:crash_report_database_win.cc(426)] unexpected header
[0613/192530.272:ERROR:crash_report_database_win.cc(426)] unexpected header
[0613/194030.272:ERROR:crash_report_database_win.cc(426)] unexpected header
[0613/194106.763:ERROR:crash_report_database_win.cc(426)] unexpected header
[0613/195530.284:ERROR:crash_report_database_win.cc(426)] unexpected header
[0613/201030.295:ERROR:crash_report_database_win.cc(426)] unexpected header
[0613/202530.296:ERROR:crash_report_database_win.cc(426)] unexpected header
[0613/204030.297:ERROR:crash_report_database_win.cc(426)] unexpected header
[0613/205530.297:ERROR:crash_report_database_win.cc(426)] unexpected header
[0613/211030.297:ERROR:crash_report_database_win.cc(426)] unexpected header
[0613/212530.298:ERROR:crash_report_database_win.cc(426)] unexpected header
[0613/214030.298:ERROR:crash_report_database_win.cc(426)] unexpected header
[0613/215530.298:ERROR:crash_report_database_win.cc(426)] unexpected header
[0613/221030.299:ERROR:crash_report_database_win.cc(426)] unexpected header
[0613/222530.299:ERROR:crash_report_database_win.cc(426)] unexpected header
[0613/224030.301:ERROR:crash_report_database_win.cc(426)] unexpected header
[0613/225530.301:ERROR:crash_report_database_win.cc(426)] unexpected header
[0613/225756.463:ERROR:crash_report_database_win.cc(426)] unexpected header
[0613/231030.301:ERROR:crash_report_database_win.cc(426)] unexpected header
[0613/231434.036:ERROR:crash_report_database_win.cc(426)] unexpected header
[0613/232530.301:ERROR:crash_report_database_win.cc(426)] unexpected header
[0613/234030.302:ERROR:crash_report_database_win.cc(426)] unexpected header
[0613/235530.308:ERROR:crash_report_database_win.cc(426)] unexpected header
[0614/001030.316:ERROR:crash_report_database_win.cc(426)] unexpected header
[0614/002051.498:ERROR:crash_report_database_win.cc(426)] unexpected header
[0614/002340.344:ERROR:crash_report_database_win.cc(426)] unexpected header
[0614/002340.357:ERROR:crash_report_database_win.cc(426)] unexpected header
[0614/003051.129:ERROR:crash_report_database_win.cc(426)] unexpected header
[0614/003051.129:ERROR:crash_report_database_win.cc(426)] unexpected header
[0614/003552.141:ERROR:crash_report_database_win.cc(426)] unexpected header
[0614/005052.141:ERROR:crash_report_database_win.cc(426)] unexpected header
[0614/010552.142:ERROR:crash_report_database_win.cc(426)] unexpected header
[0614/011725.214:ERROR:crash_report_database_win.cc(426)] unexpected header
[0614/012052.142:ERROR:crash_report_database_win.cc(426)] unexpected header
[0614/013552.152:ERROR:crash_report_database_win.cc(426)] unexpected header
[0614/015052.152:ERROR:crash_report_database_win.cc(426)] unexpected header
[0614/020552.158:ERROR:crash_report_database_win.cc(426)] unexpected header
[0614/022052.174:ERROR:crash_report_database_win.cc(426)] unexpected header
[0614/045214.820:ERROR:crash_report_database_win.cc(426)] unexpected header
[0614/050214.443:ERROR:crash_report_database_win.cc(426)] unexpected header
[0614/050214.443:ERROR:crash_report_database_win.cc(426)] unexpected header
[0614/050715.312:ERROR:crash_report_database_win.cc(426)] unexpected header
[0614/052215.313:ERROR:crash_report_database_win.cc(426)] unexpected header
[0614/053715.313:ERROR:crash_report_database_win.cc(426)] unexpected header
[0614/055215.313:ERROR:crash_report_database_win.cc(426)] unexpected header
[0614/060715.314:ERROR:crash_report_database_win.cc(426)] unexpected header
[0614/062215.314:ERROR:crash_report_database_win.cc(426)] unexpected header
[0614/063715.314:ERROR:crash_report_database_win.cc(426)] unexpected header
[0614/065215.314:ERROR:crash_report_database_win.cc(426)] unexpected header
[0614/070715.315:ERROR:crash_report_database_win.cc(426)] unexpected header
[0614/072215.315:ERROR:crash_report_database_win.cc(426)] unexpected header
[0614/073715.315:ERROR:crash_report_database_win.cc(426)] unexpected header
[0614/075215.323:ERROR:crash_report_database_win.cc(426)] unexpected header
[0614/080715.323:ERROR:crash_report_database_win.cc(426)] unexpected header
[0614/082215.323:ERROR:crash_report_database_win.cc(426)] unexpected header
[0614/083715.345:ERROR:crash_report_database_win.cc(426)] unexpected header
[0614/085215.346:ERROR:crash_report_database_win.cc(426)] unexpected header
[0614/085934.064:ERROR:crash_report_database_win.cc(426)] unexpected header
[0614/090715.356:ERROR:crash_report_database_win.cc(426)] unexpected header
[0614/091002.952:ERROR:crash_report_database_win.cc(426)] unexpected header
[0614/235339.496:ERROR:crash_report_database_win.cc(426)] unexpected header
[0615/000339.508:ERROR:crash_report_database_win.cc(426)] unexpected header
[0615/000339.509:ERROR:crash_report_database_win.cc(426)] unexpected header
[0615/124223.097:ERROR:crash_report_database_win.cc(426)] unexpected header
